# JRE version: OpenJDK Runtime Environment Temurin-17.0.8.1+1 (17.0.8.1+1) (build 17.0.8.1+1)
# Java VM: OpenJDK 64-Bit Server VM Temurin-17.0.8.1+1 (17.0.8.1+1, mixed mode, sharing, tiered, compressed oops, compressed class ptrs, g1 gc, linux-amd64)
GC Precious Log:
 CPUs: 8 total, 8 available
 Memory: 11956M
 Large Page Support: Disabled
 NUMA Support: Disabled
 Compressed Oops: Enabled (32-bit)
 Heap Region Size: 1M
 Heap Min Capacity: 64M
 Heap Initial Capacity: 64M
 Heap Max Capacity: 768M
 Pre-touch: Disabled
 Parallel Workers: 8
 Concurrent Workers: 2
 Concurrent Refinement Workers: 8
 Periodic GC: Disabled
Heap:
 garbage-first heap   total 380928K, used 285434K [0x00000000d0000000, 0x0000000100000000)
  region size 1024K, 90 young (92160K), 2 survivors (2048K)
 Metaspace       used 188828K, committed 190400K, reserved 1245184K
  class space    used 29226K, committed 29824K, reserved 1048576K
GC Heap History (20 events):
Event: 184.255 GC heap before
{Heap before GC invocations=99 (full 0):
 garbage-first heap   total 311296K, used 263398K [0x00000000d0000000, 0x0000000100000000)
  region size 1024K, 81 young (82944K), 2 survivors (2048K)
 Metaspace       used 164165K, committed 165056K, reserved 1245184K
  class space    used 25261K, committed 25664K, reserved 1048576K
}
Event: 184.258 GC heap after
{Heap after GC invocations=100 (full 0):
 garbage-first heap   total 311296K, used 184208K [0x00000000d0000000, 0x0000000100000000)
  region size 1024K, 4 young (4096K), 4 survivors (4096K)
 Metaspace       used 164165K, committed 165056K, reserved 1245184K
  class space    used 25261K, committed 25664K, reserved 1048576K
}
Event: 184.586 GC heap before
{Heap before GC invocations=100 (full 0):
 garbage-first heap   total 311296K, used 264080K [0x00000000d0000000, 0x0000000100000000)
  region size 1024K, 82 young (83968K), 4 survivors (4096K)
 Metaspace       used 165659K, committed 166784K, reserved 1245184K
  class space    used 25465K, committed 25984K, reserved 1048576K
}
Event: 184.588 GC heap after
{Heap after GC invocations=101 (full 0):
 garbage-first heap   total 311296K, used 184887K [0x00000000d0000000, 0x0000000100000000)
  region size 1024K, 4 young (4096K), 4 survivors (4096K)
 Metaspace       used 165659K, committed 166784K, reserved 1245184K
  class space    used 25465K, committed 25984K, reserved 1048576K
}
Event: 184.754 GC heap before
{Heap before GC invocations=101 (full 0):
 garbage-first heap   total 311296K, used 266807K [0x00000000d0000000, 0x0000000100000000)
  region size 1024K, 84 young (86016K), 4 survivors (4096K)
 Metaspace       used 166136K, committed 167424K, reserved 1245184K
  class space    used 25520K, committed 26048K, reserved 1048576K
}
Event: 184.757 GC heap after
{Heap after GC invocations=102 (full 0):
 garbage-first heap   total 311296K, used 185128K [0x00000000d0000000, 0x0000000100000000)
  region size 1024K, 5 young (5120K), 5 survivors (5120K)
 Metaspace       used 166136K, committed 167424K, reserved 1245184K
  class space    used 25520K, committed 26048K, reserved 1048576K
}
Event: 184.948 GC heap before
{Heap before GC invocations=103 (full 0):
 garbage-first heap   total 380928K, used 268072K [0x00000000d0000000, 0x0000000100000000)
  region size 1024K, 86 young (88064K), 5 survivors (5120K)
 Metaspace       used 166503K, committed 168064K, reserved 1245184K
  class space    used 25567K, committed 26176K, reserved 1048576K
}
Event: 184.952 GC heap after
{Heap after GC invocations=104 (full 0):
 garbage-first heap   total 380928K, used 185438K [0x00000000d0000000, 0x0000000100000000)
  region size 1024K, 5 young (5120K), 5 survivors (5120K)
 Metaspace       used 166503K, committed 168064K, reserved 1245184K
  class space    used 25567K, committed 26176K, reserved 1048576K
}
Event: 184.980 GC heap before
{Heap before GC invocations=104 (full 0):
 garbage-first heap   total 380928K, used 198750K [0x00000000d0000000, 0x0000000100000000)
  region size 1024K, 18 young (18432K), 5 survivors (5120K)
 Metaspace       used 166593K, committed 168128K, reserved 1245184K
  class space    used 25574K, committed 26176K, reserved 1048576K
}
Event: 184.984 GC heap after
{Heap after GC invocations=105 (full 0):
 garbage-first heap   total 380928K, used 185094K [0x00000000d0000000, 0x0000000100000000)
  region size 1024K, 2 young (2048K), 2 survivors (2048K)
 Metaspace       used 166593K, committed 168128K, reserved 1245184K
  class space    used 25574K, committed 26176K, reserved 1048576K
}
Event: 189.319 GC heap before
{Heap before GC invocations=105 (full 0):
 garbage-first heap   total 380928K, used 329478K [0x00000000d0000000, 0x0000000100000000)
  region size 1024K, 143 young (146432K), 2 survivors (2048K)
 Metaspace       used 173793K, committed 175360K, reserved 1245184K
  class space    used 26887K, committed 27456K, reserved 1048576K
}
Event: 189.323 GC heap after
{Heap after GC invocations=106 (full 0):
 garbage-first heap   total 380928K, used 190087K [0x00000000d0000000, 0x0000000100000000)
  region size 1024K, 7 young (7168K), 7 survivors (7168K)
 Metaspace       used 173793K, committed 175360K, reserved 1245184K
  class space    used 26887K, committed 27456K, reserved 1048576K
}
Event: 190.382 GC heap before
{Heap before GC invocations=106 (full 0):
 garbage-first heap   total 380928K, used 326279K [0x00000000d0000000, 0x0000000100000000)
  region size 1024K, 140 young (143360K), 7 survivors (7168K)
 Metaspace       used 176969K, committed 178496K, reserved 1245184K
  class space    used 27595K, committed 28160K, reserved 1048576K
}
Event: 190.386 GC heap after
{Heap after GC invocations=107 (full 0):
 garbage-first heap   total 380928K, used 190644K [0x00000000d0000000, 0x0000000100000000)
  region size 1024K, 8 young (8192K), 8 survivors (8192K)
 Metaspace       used 176969K, committed 178496K, reserved 1245184K
  class space    used 27595K, committed 28160K, reserved 1048576K
}
Event: 191.933 GC heap before
{Heap before GC invocations=107 (full 0):
 garbage-first heap   total 380928K, used 325812K [0x00000000d0000000, 0x0000000100000000)
  region size 1024K, 141 young (144384K), 8 survivors (8192K)
 Metaspace       used 185170K, committed 186688K, reserved 1245184K
  class space    used 28616K, committed 29184K, reserved 1048576K
}
Event: 191.939 GC heap after
{Heap after GC invocations=108 (full 0):
 garbage-first heap   total 380928K, used 195947K [0x00000000d0000000, 0x0000000100000000)
  region size 1024K, 13 young (13312K), 13 survivors (13312K)
 Metaspace       used 185170K, committed 186688K, reserved 1245184K
  class space    used 28616K, committed 29184K, reserved 1048576K
}
Event: 193.348 GC heap before
{Heap before GC invocations=109 (full 0):
 garbage-first heap   total 380928K, used 324971K [0x00000000d0000000, 0x0000000100000000)
  region size 1024K, 140 young (143360K), 13 survivors (13312K)
 Metaspace       used 188353K, committed 189888K, reserved 1245184K
  class space    used 29176K, committed 29760K, reserved 1048576K
}
Event: 193.353 GC heap after
{Heap after GC invocations=110 (full 0):
 garbage-first heap   total 380928K, used 196768K [0x00000000d0000000, 0x0000000100000000)
  region size 1024K, 8 young (8192K), 8 survivors (8192K)
 Metaspace       used 188353K, committed 189888K, reserved 1245184K
  class space    used 29176K, committed 29760K, reserved 1048576K
}
Event: 193.400 GC heap before
{Heap before GC invocations=110 (full 0):
 garbage-first heap   total 380928K, used 207008K [0x00000000d0000000, 0x0000000100000000)
  region size 1024K, 18 young (18432K), 8 survivors (8192K)
 Metaspace       used 188382K, committed 189888K, reserved 1245184K
  class space    used 29176K, committed 29760K, reserved 1048576K
}
Event: 193.404 GC heap after
{Heap after GC invocations=111 (full 0):
 garbage-first heap   total 380928K, used 196346K [0x00000000d0000000, 0x0000000100000000)
  region size 1024K, 2 young (2048K), 2 survivors (2048K)
 Metaspace       used 188382K, committed 189888K, reserved 1245184K
  class space    used 29176K, committed 29760K, reserved 1048576K
}

